#
# There is insufficient memory for the Java Runtime Environment to continue.
# Native memory allocation (mmap) failed to map 402653184 bytes for G1 virtual space
# Possible reasons:
#   The system is out of physical RAM or swap space
#   The process is running with CompressedOops enabled, and the Java Heap may be blocking the growth of the native heap
# Possible solutions:
#   Reduce memory load on the system
#   Increase physical memory or swap space
#   Check if swap backing store is full
#   Decrease Java heap size (-Xmx/-Xms)
#   Decrease number of Java threads
#   Decrease Java thread stack sizes (-Xss)
#   Set larger code cache with -XX:ReservedCodeCacheSize=
#   JVM is running with Zero Based Compressed Oops mode in which the Java heap is
#     placed in the first 32GB address space. The Java Heap base address is the
#     maximum limit for the native heap growth. Please use -XX:HeapBaseMinAddress
#     to set the Java Heap base and to place the Java Heap above 32GB virtual address.
# This output file may be truncated or incomplete.
#
#  Out of Memory Error (os_windows.cpp:3535), pid=22144, tid=12920
#
# JRE version:  (17.0.4+11) (build )
# Java VM: Java HotSpot(TM) 64-Bit Server VM (17.0.4+11-LTS-179, mixed mode, sharing, tiered, compressed oops, compressed class ptrs, g1 gc, windows-amd64)
# No core dump will be written. Minidumps are not enabled by default on client versions of Windows
#

---------------  S U M M A R Y ------------

Command Line: -Dnet.bytebuddy.agent.attacher.dump= net.bytebuddy.agent.Attacher com.sun.tools.attach.VirtualMachine 19092 C:\Users\ee\.gradle\caches\modules-2\files-2.1\net.bytebuddy\byte-buddy-agent\1.14.16\4a451ee6484abac3a498df0f3b33ed00a6fced4d\byte-buddy-agent-1.14.16.jar false 

Host: AMD Ryzen 7 2700X Eight-Core Processor         , 16 cores, 23G,  Windows 10 , 64 bit Build 19041 (10.0.19041.3636)
Time: Fri Jun 21 01:52:33 2024  Windows 10 , 64 bit Build 19041 (10.0.19041.3636) elapsed time: 0.008525 seconds (0d 0h 0m 0s)

---------------  T H R E A D  ---------------

Current thread (0x000002c784cb5ce0):  JavaThread "Unknown thread" [_thread_in_vm, id=12920, stack(0x000000e257d00000,0x000000e257e00000)]

Stack: [0x000000e257d00000,0x000000e257e00000]
Native frames: (J=compiled Java code, j=interpreted, Vv=VM code, C=native code)
V  [jvm.dll+0x6723da]
V  [jvm.dll+0x7d1f74]
V  [jvm.dll+0x7d371e]
V  [jvm.dll+0x7d3d83]
V  [jvm.dll+0x242ed5]
V  [jvm.dll+0x66f2f9]
V  [jvm.dll+0x663c42]
V  [jvm.dll+0x30103b]
V  [jvm.dll+0x3085d6]
V  [jvm.dll+0x35844e]
V  [jvm.dll+0x35867f]
V  [jvm.dll+0x2d8258]
V  [jvm.dll+0x2d91c4]
V  [jvm.dll+0x7a3a51]
V  [jvm.dll+0x3662a1]
V  [jvm.dll+0x782dcc]
V  [jvm.dll+0x3e8bff]
V  [jvm.dll+0x3ea6a1]
C  [jli.dll+0x527b]
C  [ucrtbase.dll+0x21bb2]
C  [KERNEL32.DLL+0x17344]
C  [ntdll.dll+0x4cc91]


---------------  P R O C E S S  ---------------

Threads class SMR info:
_java_thread_list=0x00007ffc68c8a858, length=0, elements={
}

Java Threads: ( => current thread )

Other Threads:
  0x000002c784d404a0 GCTaskThread "GC Thread#0" [stack: 0x000000e257e00000,0x000000e257f00000] [id=16972]
  0x000002c784d4e780 ConcurrentGCThread "G1 Main Marker" [stack: 0x000000e257f00000,0x000000e258000000] [id=14108]
  0x000002c784d4f930 ConcurrentGCThread "G1 Conc#0" [stack: 0x000000e258000000,0x000000e258100000] [id=8876]

[error occurred during error reporting (printing all threads), id 0xc0000005, EXCEPTION_ACCESS_VIOLATION (0xc0000005) at pc=0x00007ffc684d8c47]

VM state: not at safepoint (not fully initialized)

VM Mutex/Monitor currently owned by a thread:  ([mutex/lock_event])
[0x000002c784cb16a0] Heap_lock - owner thread: 0x000002c784cb5ce0

Heap address: 0x0000000680c00000, size: 6132 MB, Compressed Oops mode: Zero based, Oop shift amount: 3

CDS archive(s) mapped at: [0x0000000000000000-0x0000000000000000-0x0000000000000000), size 0, SharedBaseAddress: 0x0000000800000000, ArchiveRelocationMode: 0.
Narrow klass base: 0x0000000000000000, Narrow klass shift: 0, Narrow klass range: 0x0

GC Precious Log:
<Empty>

Heap:
 garbage-first heap   total 0K, used 0K [0x0000000680c00000, 0x0000000800000000)
  region size 4096K, 0 young (0K), 0 survivors (0K)

[error occurred during error reporting (printing heap information), id 0xc0000005, EXCEPTION_ACCESS_VIOLATION (0xc0000005) at pc=0x00007ffc688bb889]

GC Heap History (0 events):
No events

Deoptimization events (0 events):
No events

Classes unloaded (0 events):
No events

Classes redefined (0 events):
No events

Internal exceptions (0 events):
No events

VM Operations (0 events):
No events

Events (1 events):
Event: 0.005 Loaded shared library C:\Program Files\Java\jdk-17.0.4\bin\java.dll


Dynamic libraries:
0x00007ff6d5be0000 - 0x00007ff6d5bf0000 	C:\Program Files\Java\jdk-17.0.4\bin\java.exe
0x00007ffcd9010000 - 0x00007ffcd9208000 	C:\WINDOWS\SYSTEM32\ntdll.dll
0x00007ffcd77b0000 - 0x00007ffcd786d000 	C:\WINDOWS\System32\KERNEL32.DLL
0x00007ffcd6d50000 - 0x00007ffcd7046000 	C:\WINDOWS\System32\KERNELBASE.dll
0x00007ffcd6c20000 - 0x00007ffcd6d20000 	C:\WINDOWS\System32\ucrtbase.dll
0x00007ffcb5ed0000 - 0x00007ffcb5ee8000 	C:\Program Files\Java\jdk-17.0.4\bin\jli.dll
0x00007ffcb79b0000 - 0x00007ffcb79ca000 	C:\Program Files\Java\jdk-17.0.4\bin\VCRUNTIME140.dll
0x00007ffcd8280000 - 0x00007ffcd8330000 	C:\WINDOWS\System32\ADVAPI32.dll
0x00007ffcd7410000 - 0x00007ffcd74ae000 	C:\WINDOWS\System32\msvcrt.dll
0x00007ffcd74b0000 - 0x00007ffcd7550000 	C:\WINDOWS\System32\sechost.dll
0x00007ffcd80c0000 - 0x00007ffcd81e3000 	C:\WINDOWS\System32\RPCRT4.dll
0x00007ffcd6d20000 - 0x00007ffcd6d47000 	C:\WINDOWS\System32\bcrypt.dll
0x00007ffcd7270000 - 0x00007ffcd740f000 	C:\WINDOWS\System32\USER32.dll
0x00007ffcd6820000 - 0x00007ffcd6842000 	C:\WINDOWS\System32\win32u.dll
0x00007ffcc5e20000 - 0x00007ffcc60ba000 	C:\WINDOWS\WinSxS\amd64_microsoft.windows.common-controls_6595b64144ccf1df_6.0.19041.4355_none_60b8b9eb71f62e16\COMCTL32.dll
0x00007ffcd7050000 - 0x00007ffcd707b000 	C:\WINDOWS\System32\GDI32.dll
0x00007ffcd68c0000 - 0x00007ffcd69d7000 	C:\WINDOWS\System32\gdi32full.dll
0x00007ffcd6780000 - 0x00007ffcd681d000 	C:\WINDOWS\System32\msvcp_win.dll
0x00007ffcccf90000 - 0x00007ffcccf9a000 	C:\WINDOWS\SYSTEM32\VERSION.dll
0x00007ffcd8d60000 - 0x00007ffcd8d8f000 	C:\WINDOWS\System32\IMM32.DLL
0x00007ffcbb0a0000 - 0x00007ffcbb0ac000 	C:\Program Files\Java\jdk-17.0.4\bin\vcruntime140_1.dll
0x00007ffcb3d60000 - 0x00007ffcb3ded000 	C:\Program Files\Java\jdk-17.0.4\bin\msvcp140.dll
0x00007ffc681f0000 - 0x00007ffc68db2000 	C:\Program Files\Java\jdk-17.0.4\bin\server\jvm.dll
0x00007ffcd8d90000 - 0x00007ffcd8d98000 	C:\WINDOWS\System32\PSAPI.DLL
0x00007ffcd2860000 - 0x00007ffcd2869000 	C:\WINDOWS\SYSTEM32\WSOCK32.dll
0x00007ffccb400000 - 0x00007ffccb427000 	C:\WINDOWS\SYSTEM32\WINMM.dll
0x00007ffcd75b0000 - 0x00007ffcd761b000 	C:\WINDOWS\System32\WS2_32.dll
0x00007ffcd4530000 - 0x00007ffcd4542000 	C:\WINDOWS\SYSTEM32\kernel.appcore.dll
0x00007ffcbafc0000 - 0x00007ffcbafca000 	C:\Program Files\Java\jdk-17.0.4\bin\jimage.dll
0x00007ffcc5a80000 - 0x00007ffcc5c64000 	C:\WINDOWS\SYSTEM32\DBGHELP.DLL
0x00007ffcc5a40000 - 0x00007ffcc5a74000 	C:\WINDOWS\SYSTEM32\dbgcore.DLL
0x00007ffcd6b90000 - 0x00007ffcd6c12000 	C:\WINDOWS\System32\bcryptPrimitives.dll
0x00007ffcb4140000 - 0x00007ffcb4165000 	C:\Program Files\Java\jdk-17.0.4\bin\java.dll

dbghelp: loaded successfully - version: 4.0.5 - missing functions: none
symbol engine: initialized successfully - sym options: 0x614 - pdb path: .;C:\Program Files\Java\jdk-17.0.4\bin;C:\WINDOWS\SYSTEM32;C:\WINDOWS\WinSxS\amd64_microsoft.windows.common-controls_6595b64144ccf1df_6.0.19041.4355_none_60b8b9eb71f62e16;C:\Program Files\Java\jdk-17.0.4\bin\server

VM Arguments:
jvm_args: -Dnet.bytebuddy.agent.attacher.dump= 
java_command: net.bytebuddy.agent.Attacher com.sun.tools.attach.VirtualMachine 19092 C:\Users\ee\.gradle\caches\modules-2\files-2.1\net.bytebuddy\byte-buddy-agent\1.14.16\4a451ee6484abac3a498df0f3b33ed00a6fced4d\byte-buddy-agent-1.14.16.jar false 
java_class_path (initial): C:\Users\ee\.gradle\caches\modules-2\files-2.1\net.bytebuddy\byte-buddy-agent\1.14.16\4a451ee6484abac3a498df0f3b33ed00a6fced4d\byte-buddy-agent-1.14.16.jar
Launcher Type: SUN_STANDARD

[Global flags]
     intx CICompilerCount                          = 12                                        {product} {ergonomic}
     uint ConcGCThreads                            = 3                                         {product} {ergonomic}
     uint G1ConcRefinementThreads                  = 13                                        {product} {ergonomic}
   size_t G1HeapRegionSize                         = 4194304                                   {product} {ergonomic}
    uintx GCDrainStackTargetSize                   = 64                                        {product} {ergonomic}
   size_t InitialHeapSize                          = 402653184                                 {product} {ergonomic}
   size_t MarkStackSize                            = 4194304                                   {product} {ergonomic}
   size_t MaxHeapSize                              = 6429868032                                {product} {ergonomic}
   size_t MinHeapDeltaBytes                        = 4194304                                   {product} {ergonomic}
   size_t MinHeapSize                              = 8388608                                   {product} {ergonomic}
    uintx NonNMethodCodeHeapSize                   = 7602480                                {pd product} {ergonomic}
    uintx NonProfiledCodeHeapSize                  = 122027880                              {pd product} {ergonomic}
    uintx ProfiledCodeHeapSize                     = 122027880                              {pd product} {ergonomic}
    uintx ReservedCodeCacheSize                    = 251658240                              {pd product} {ergonomic}
     bool SegmentedCodeCache                       = true                                      {product} {ergonomic}
   size_t SoftMaxHeapSize                          = 6429868032                             {manageable} {ergonomic}
     bool UseCompressedClassPointers               = true                           {product lp64_product} {ergonomic}
     bool UseCompressedOops                        = true                           {product lp64_product} {ergonomic}
     bool UseG1GC                                  = true                                      {product} {ergonomic}
     bool UseLargePagesIndividualAllocation        = false                                  {pd product} {ergonomic}

Logging:
Log output configuration:
 #0: stdout all=warning uptime,level,tags
 #1: stderr all=off uptime,level,tags

Environment Variables:
PATH=C:\Program Files\Common Files\Oracle\Java\javapath;C:\Program Files (x86)\Common Files\Oracle\Java\javapath;C:\Informatica\9.6.1\clients\tools\datadirect;C:\Informatica\9.6.1\clients\tools\odbcdrv;C:\Informatica\9.6.1\clients\tools\jdbcdrv;C:\Informatica\9.6.1\java\jre\bin\server;C:\Informatica\9.6.1\tools\odbcdrv;C:\Informatica\9.6.1\tools\jdbcdrv;C:\Informatica\9.6.1\tools\datadirect;D:\\java\jre\bin\server;D:\\tools\odbcdrv;D:\\tools\jdbcdrv;D:\\tools\sharedlibs;D:\\tools\datadirect;C:\WINDOWS\system32;C:\WINDOWS;C:\WINDOWS\System32\Wbem;C:\WINDOWS\System32\WindowsPowerShell\v1.0\;C:\WINDOWS\System32\OpenSSH\;C:\Program Files (x86)\NVIDIA Corporation\PhysX\Common;C:\Program Files\NVIDIA Corporation\NVIDIA NvDLISR;C:\Program Files\Microsoft SQL Server\Client SDK\ODBC\170\Tools\Binn\;C:\Program Files\dotnet\;C:\Program Files\Microsoft SQL Server\130\Tools\Binn\;C:\Program Files (x86)\dotnet\;C:\WINDOWS\system32;C:\WINDOWS;C:\WINDOWS\System32\Wbem;C:\WINDOWS\System32\WindowsPowerShell\v1.0\;C:\WINDOWS\System32\OpenSSH\;C:\Program Files (x86)\Microsoft SQL Server\150\DTS\Binn\;C:\Program Files\Azure Data Studio\bin;C:\Program Files\Microsoft SQL Server\Client SDK\ODBC\130\Tools\Binn\;C:\Program Files (x86)\Microsoft SQL Server\130\Tools\Binn\;C:\Program Files\Microsoft SQL Server\130\DTS\Binn\;C:\Program Files\Microsoft SQL Server\Client SDK\ODBC\110\Tools\Binn\;C:\Program Files (x86)\Microsoft SQL Server\120\Tools\Binn\;C:\Program Files\Microsoft SQL Server\120\Tools\Binn\;C:\Program Files\Microsoft SQL Server\120\DTS\Binn\;C:\Program Files (x86)\Microsoft SQL Server\120\Tools\Binn\ManagementStudio\;C:\Program Files (x86)\Microsoft SQL Server\120\DTS\Binn\;C:\Windows\System32\Wbem;C:\Windows\System32\Wbem;C:\Program Files\nodejs\;C:\Program Files\Git\cmd;C:\Program Files\MySQL\MySQL Shell 8.0\bin\;C:\Users\ee\AppData\Local\Microsoft\WindowsApps;C:\AppServ\Apache24\bin;C:\AppServ\php7;C:\AppServ\MySQL\bin;C:\Users\ee\.dotnet\tools;C:\Program Files\Azure Data Studio
USERNAME=ee
OS=Windows_NT
PROCESSOR_IDENTIFIER=AMD64 Family 23 Model 8 Stepping 2, AuthenticAMD



---------------  S Y S T E M  ---------------

OS:
 Windows 10 , 64 bit Build 19041 (10.0.19041.3636)
OS uptime: 1 days 7:56 hours
Hyper-V role detected

CPU: total 16 (initial active 16) (16 cores per cpu, 2 threads per core) family 23 model 8 stepping 2 microcode 0x0, cx8, cmov, fxsr, ht, mmx, 3dnowpref, sse, sse2, sse3, ssse3, sse4a, sse4.1, sse4.2, popcnt, lzcnt, tsc, tscinvbit, avx, avx2, aes, clmul, bmi1, bmi2, adx, sha, fma, vzeroupper, clflush, clflushopt, hv

Memory: 4k page, system-wide physical 24527M (9634M free)
TotalPageFile size 26575M (AvailPageFile size 386M)
current process WorkingSet (physical memory assigned to process): 10M, peak: 10M
current process commit charge ("private bytes"): 70M, peak: 454M

vm_info: Java HotSpot(TM) 64-Bit Server VM (17.0.4+11-LTS-179) for windows-amd64 JRE (17.0.4+11-LTS-179), built on Jun 28 2022 08:23:05 by "mach5one" with MS VC++ 16.8 / 16.9 (VS2019)

END.
